<?xml version="1.0" encoding="UTF-8"?>
<!-- Generated by org.testng.reporters.JUnitReportReporter -->
<testsuite hostname="DESKTOP-M454ERF" failures="0" tests="3" name="chrome" time="0.022" errors="0" timestamp="2023-08-31T10:46:19 GFT" skipped="0">
  <testcase classname="chrome" name="m1" time="0.012"/>
  <system-out/>
  <testcase classname="chrome" name="m3" time="0.007"/>
  <system-out/>
  <testcase classname="chrome" name="m2" time="0.003"/>
  <system-out/>
</testsuite> <!-- chrome -->
