<?xml version="1.0" encoding="UTF-8"?>
<!-- Generated by org.testng.reporters.JUnitReportReporter -->
<testsuite hostname="DESKTOP-M454ERF" failures="0" tests="1" name="Data.Dataprovider" time="11.625" errors="0" timestamp="2023-08-23T17:10:24 GFT" skipped="0">
  <testcase classname="Data.Dataprovider" name="test" time="11.625"/>
  <system-out/>
</testsuite> <!-- Data.Dataprovider -->
