<?xml version="1.0" encoding="UTF-8"?>
<!-- Generated by org.testng.reporters.JUnitReportReporter -->
<testsuite hostname="DESKTOP-M454ERF" failures="0" tests="1" name="practice.program1" time="0.019" errors="0" timestamp="2023-08-31T10:56:35 GFT" skipped="0">
  <testcase classname="practice.program1" name="m1" time="0.019"/>
  <system-out/>
</testsuite> <!-- practice.program1 -->
