<?xml version="1.0" encoding="UTF-8"?>
<!-- Generated by org.testng.reporters.JUnitReportReporter -->
<testsuite hostname="DESKTOP-M454ERF" failures="0" tests="1" name="Interview.question1" time="1.686" errors="0" timestamp="2023-08-17T13:09:44 GFT" skipped="0">
  <testcase classname="Interview.question1" name="m1" time="1.686"/>
  <system-out/>
</testsuite> <!-- Interview.question1 -->
