<?xml version="1.0" encoding="UTF-8"?>
<!-- Generated by org.testng.reporters.JUnitReportReporter -->
<testsuite hostname="DESKTOP-M454ERF" failures="0" tests="1" name="Interview.question2" time="3.812" errors="0" timestamp="2023-08-17T13:09:44 GFT" skipped="0">
  <testcase classname="Interview.question2" name="m2" time="3.812"/>
  <system-out/>
</testsuite> <!-- Interview.question2 -->
