<?xml version="1.0" encoding="UTF-8"?>
<!-- Generated by org.testng.reporters.JUnitReportReporter -->
<testsuite hostname="DESKTOP-M454ERF" failures="0" tests="1" name="Dataprovider" time="21.383" errors="0" timestamp="2023-08-23T17:06:35 GFT" skipped="0">
  <testcase classname="Dataprovider" name="test" time="21.383"/>
  <system-out/>
</testsuite> <!-- Dataprovider -->
